<?xml version="1.0" encoding="UTF-8"?>
<!-- Generated by org.testng.reporters.JUnitXMLReporter -->
<testsuite ignored="0" hostname="LAPTOP-35B7MCU5" failures="0" tests="4" name="Default test(failed)" time="17.461" errors="0" timestamp="2022-01-09T01:34:22 GMT">
  <testcase classname="com.qa.democart.test.LoginPageTest" name="loginPageTitleTest" time="0.189"/>
  <testcase classname="com.qa.democart.test.LoginPageTest" name="loginPageHeaderTest" time="1.221"/>
  <testcase classname="com.qa.democart.test.LoginPageTest" name="forgotPwdTest" time="0.974"/>
  <testcase classname="com.qa.democart.test.LoginPageTest" name="loginTest" time="5.479"/>
</testsuite> <!-- Default test(failed) -->
