<?xml version="1.0" encoding="UTF-8"?>
<!-- Generated by org.testng.reporters.JUnitXMLReporter -->
<testsuite ignored="2" hostname="LAPTOP-35B7MCU5" failures="0" tests="2" name="Login Page Test(failed)" time="14.959" errors="0" timestamp="2021-12-20T00:24:27 GMT">
  <testcase classname="com.qa.democart.test.LoginPageTest" name="forgotPwdTest" time="1.334"/>
  <testcase classname="com.qa.democart.test.LoginPageTest" name="loginTest" time="6.526"/>
  <testcase classname="com.qa.democart.test.LoginPageTest" name="loginPageHeaderTest" time="0.0">
    <ignored/>
  </testcase> <!-- loginPageHeaderTest -->
  <testcase classname="com.qa.democart.test.LoginPageTest" name="loginPageTitleTest" time="0.0">
    <ignored/>
  </testcase> <!-- loginPageTitleTest -->
</testsuite> <!-- Login Page Test(failed) -->
