<?xml version="1.0" encoding="UTF-8"?>
<!-- Generated by org.testng.reporters.JUnitXMLReporter -->
<testsuite hostname="LAPTOP-35B7MCU5" ignored="0" name="Account Page Test" tests="10" failures="0" timestamp="2022-01-09T23:10:56 GMT" time="53.515" errors="0">
  <testcase name="accPageTitleTest" time="0.04" classname="com.qa.democart.test.AccountPageTest"/>
  <testcase name="accPageHeaderTest" time="1.109" classname="com.qa.democart.test.AccountPageTest"/>
  <testcase name="accSectionsTest" time="0.183" classname="com.qa.democart.test.AccountPageTest"/>
  <testcase name="logoutLinkExistTest" time="1.219" classname="com.qa.democart.test.AccountPageTest"/>
  <testcase name="searchTest" time="4.926" classname="com.qa.democart.test.AccountPageTest"/>
  <testcase name="searchTest" time="4.67" classname="com.qa.democart.test.AccountPageTest"/>
  <testcase name="searchTest" time="4.12" classname="com.qa.democart.test.AccountPageTest"/>
  <testcase name="selectProductTest" time="7.121" classname="com.qa.democart.test.AccountPageTest"/>
  <testcase name="selectProductTest" time="5.442" classname="com.qa.democart.test.AccountPageTest"/>
  <testcase name="selectProductTest" time="5.426" classname="com.qa.democart.test.AccountPageTest"/>
</testsuite> <!-- Account Page Test -->
