<?xml version="1.0" encoding="UTF-8"?>
<!-- Generated by org.testng.reporters.JUnitXMLReporter -->
<testsuite ignored="0" hostname="LAPTOP-35B7MCU5" failures="0" tests="10" name="Account Page Test" time="43.103" errors="0" timestamp="2022-01-29T21:20:39 GMT">
  <testcase classname="com.qa.democart.test.AccountPageTest" name="accPageTitleTest" time="0.026"/>
  <testcase classname="com.qa.democart.test.AccountPageTest" name="accPageHeaderTest" time="0.898"/>
  <testcase classname="com.qa.democart.test.AccountPageTest" name="accSectionsTest" time="0.091"/>
  <testcase classname="com.qa.democart.test.AccountPageTest" name="logoutLinkExistTest" time="0.862"/>
  <testcase classname="com.qa.democart.test.AccountPageTest" name="searchTest" time="3.403"/>
  <testcase classname="com.qa.democart.test.AccountPageTest" name="searchTest" time="3.488"/>
  <testcase classname="com.qa.democart.test.AccountPageTest" name="searchTest" time="3.555"/>
  <testcase classname="com.qa.democart.test.AccountPageTest" name="selectProductTest" time="5.674"/>
  <testcase classname="com.qa.democart.test.AccountPageTest" name="selectProductTest" time="4.532"/>
  <testcase classname="com.qa.democart.test.AccountPageTest" name="selectProductTest" time="4.61"/>
</testsuite> <!-- Account Page Test -->
