<?xml version="1.0" encoding="UTF-8"?>
<!-- Generated by org.testng.reporters.JUnitXMLReporter -->
<testsuite ignored="0" hostname="LAPTOP-35B7MCU5" failures="0" tests="4" name="Login Page Test" time="16.236" errors="0" timestamp="2022-01-29T21:20:12 GMT">
  <testcase classname="com.qa.democart.test.LoginPageTest" name="loginPageTitleTest" time="0.201"/>
  <testcase classname="com.qa.democart.test.LoginPageTest" name="loginPageHeaderTest" time="1.194"/>
  <testcase classname="com.qa.democart.test.LoginPageTest" name="forgotPwdTest" time="0.985"/>
  <testcase classname="com.qa.democart.test.LoginPageTest" name="loginTest" time="5.27"/>
</testsuite> <!-- Login Page Test -->
