<?xml version="1.0" encoding="UTF-8"?>
<!-- Generated by org.testng.reporters.JUnitXMLReporter -->
<testsuite hostname="LAPTOP-35B7MCU5" ignored="0" name="Login Page Test" tests="4" failures="0" timestamp="10 Jan 2022 01:58:00 GMT" time="19.77" errors="0">
  <testcase name="loginPageTitleTest" time="0.201" classname="com.qa.democart.test.LoginPageTest"/>
  <testcase name="loginPageHeaderTest" time="1.077" classname="com.qa.democart.test.LoginPageTest"/>
  <testcase name="forgotPwdTest" time="1.032" classname="com.qa.democart.test.LoginPageTest"/>
  <testcase name="loginTest" time="5.471" classname="com.qa.democart.test.LoginPageTest"/>
</testsuite> <!-- Login Page Test -->
