<?xml version="1.0" encoding="UTF-8"?>
<testng-results ignored="0" total="14" passed="14" failed="0" skipped="0">
  <reporter-output>
  </reporter-output>
  <suite started-at="2022-01-29T21:19:56 GMT" name="Demo Cart Regression Suite" finished-at="2022-01-29T21:20:39 GMT" duration-ms="43103">
    <groups>
    </groups>
    <test started-at="2022-01-29T21:19:56 GMT" name="Login Page Test" finished-at="2022-01-29T21:20:12 GMT" duration-ms="16236">
      <class name="com.qa.democart.test.LoginPageTest">
        <test-method is-config="true" signature="SetUp()[pri:0, instance:com.qa.democart.test.LoginPageTest@2ee48610]" started-at="2022-01-29T21:19:56 GMT" name="SetUp" finished-at="2022-01-29T21:20:03 GMT" duration-ms="7393" status="PASS">
          <reporter-output>
          </reporter-output>
        </test-method> <!-- SetUp -->
        <test-method signature="loginPageTitleTest()[pri:1, instance:com.qa.democart.test.LoginPageTest@2ee48610]" started-at="2022-01-29T21:20:03 GMT" name="loginPageTitleTest" finished-at="2022-01-29T21:20:04 GMT" duration-ms="201" status="PASS">
          <reporter-output>
          </reporter-output>
        </test-method> <!-- loginPageTitleTest -->
        <test-method signature="loginPageHeaderTest()[pri:2, instance:com.qa.democart.test.LoginPageTest@2ee48610]" started-at="2022-01-29T21:20:04 GMT" name="loginPageHeaderTest" finished-at="2022-01-29T21:20:05 GMT" duration-ms="1194" status="PASS">
          <reporter-output>
          </reporter-output>
        </test-method> <!-- loginPageHeaderTest -->
        <test-method signature="forgotPwdTest()[pri:3, instance:com.qa.democart.test.LoginPageTest@2ee48610]" started-at="2022-01-29T21:20:05 GMT" name="forgotPwdTest" finished-at="2022-01-29T21:20:06 GMT" duration-ms="985" status="PASS">
          <reporter-output>
          </reporter-output>
        </test-method> <!-- forgotPwdTest -->
        <test-method signature="loginTest()[pri:4, instance:com.qa.democart.test.LoginPageTest@2ee48610]" started-at="2022-01-29T21:20:06 GMT" name="loginTest" finished-at="2022-01-29T21:20:11 GMT" duration-ms="5270" status="PASS">
          <reporter-output>
          </reporter-output>
        </test-method> <!-- loginTest -->
        <test-method is-config="true" signature="tearDown()[pri:0, instance:com.qa.democart.test.LoginPageTest@2ee48610]" started-at="2022-01-29T21:20:11 GMT" name="tearDown" finished-at="2022-01-29T21:20:12 GMT" duration-ms="682" status="PASS">
          <reporter-output>
          </reporter-output>
        </test-method> <!-- tearDown -->
      </class> <!-- com.qa.democart.test.LoginPageTest -->
    </test> <!-- Login Page Test -->
    <test started-at="2022-01-29T21:19:56 GMT" name="Account Page Test" finished-at="2022-01-29T21:20:39 GMT" duration-ms="43103">
      <class name="com.qa.democart.test.AccountPageTest">
        <test-method is-config="true" signature="SetUp()[pri:0, instance:com.qa.democart.test.AccountPageTest@1835dc92]" started-at="2022-01-29T21:19:56 GMT" name="SetUp" finished-at="2022-01-29T21:20:03 GMT" duration-ms="7393" status="PASS">
          <reporter-output>
          </reporter-output>
        </test-method> <!-- SetUp -->
        <test-method is-config="true" signature="accPageSetUp()[pri:0, instance:com.qa.democart.test.AccountPageTest@1835dc92]" started-at="2022-01-29T21:20:03 GMT" name="accPageSetUp" finished-at="2022-01-29T21:20:09 GMT" duration-ms="5766" status="PASS">
          <reporter-output>
          </reporter-output>
        </test-method> <!-- accPageSetUp -->
        <test-method signature="accPageTitleTest()[pri:1, instance:com.qa.democart.test.AccountPageTest@1835dc92]" started-at="2022-01-29T21:20:09 GMT" name="accPageTitleTest" finished-at="2022-01-29T21:20:09 GMT" duration-ms="26" status="PASS">
          <reporter-output>
          </reporter-output>
        </test-method> <!-- accPageTitleTest -->
        <test-method signature="accPageHeaderTest()[pri:2, instance:com.qa.democart.test.AccountPageTest@1835dc92]" started-at="2022-01-29T21:20:09 GMT" name="accPageHeaderTest" finished-at="2022-01-29T21:20:10 GMT" duration-ms="898" status="PASS">
          <reporter-output>
          </reporter-output>
        </test-method> <!-- accPageHeaderTest -->
        <test-method signature="accSectionsTest()[pri:3, instance:com.qa.democart.test.AccountPageTest@1835dc92]" started-at="2022-01-29T21:20:10 GMT" name="accSectionsTest" finished-at="2022-01-29T21:20:10 GMT" duration-ms="91" status="PASS">
          <reporter-output>
          </reporter-output>
        </test-method> <!-- accSectionsTest -->
        <test-method signature="logoutLinkExistTest()[pri:4, instance:com.qa.democart.test.AccountPageTest@1835dc92]" started-at="2022-01-29T21:20:10 GMT" name="logoutLinkExistTest" finished-at="2022-01-29T21:20:11 GMT" duration-ms="862" status="PASS">
          <reporter-output>
          </reporter-output>
        </test-method> <!-- logoutLinkExistTest -->
        <test-method signature="searchTest(java.lang.String)[pri:5, instance:com.qa.democart.test.AccountPageTest@1835dc92]" started-at="2022-01-29T21:20:11 GMT" name="searchTest" data-provider="getSearchData" finished-at="2022-01-29T21:20:14 GMT" duration-ms="3403" status="PASS">
          <params>
            <param index="0">
              <value>
                <![CDATA[Macbook Pro]]>
              </value>
            </param>
          </params>
          <reporter-output>
          </reporter-output>
        </test-method> <!-- searchTest -->
        <test-method signature="searchTest(java.lang.String)[pri:5, instance:com.qa.democart.test.AccountPageTest@1835dc92]" started-at="2022-01-29T21:20:14 GMT" name="searchTest" data-provider="getSearchData" finished-at="2022-01-29T21:20:18 GMT" duration-ms="3488" status="PASS">
          <params>
            <param index="0">
              <value>
                <![CDATA[Macbook Air]]>
              </value>
            </param>
          </params>
          <reporter-output>
          </reporter-output>
        </test-method> <!-- searchTest -->
        <test-method signature="searchTest(java.lang.String)[pri:5, instance:com.qa.democart.test.AccountPageTest@1835dc92]" started-at="2022-01-29T21:20:18 GMT" name="searchTest" data-provider="getSearchData" finished-at="2022-01-29T21:20:22 GMT" duration-ms="3555" status="PASS">
          <params>
            <param index="0">
              <value>
                <![CDATA[Apple]]>
              </value>
            </param>
          </params>
          <reporter-output>
          </reporter-output>
        </test-method> <!-- searchTest -->
        <test-method signature="selectProductTest(java.lang.String,java.lang.String)[pri:6, instance:com.qa.democart.test.AccountPageTest@1835dc92]" started-at="2022-01-29T21:20:23 GMT" name="selectProductTest" data-provider="getProductSelectData" finished-at="2022-01-29T21:20:29 GMT" duration-ms="5674" status="PASS">
          <params>
            <param index="0">
              <value>
                <![CDATA[Macbook]]>
              </value>
            </param>
            <param index="1">
              <value>
                <![CDATA[MacBook Pro]]>
              </value>
            </param>
          </params>
          <reporter-output>
          </reporter-output>
        </test-method> <!-- selectProductTest -->
        <test-method signature="selectProductTest(java.lang.String,java.lang.String)[pri:6, instance:com.qa.democart.test.AccountPageTest@1835dc92]" started-at="2022-01-29T21:20:29 GMT" name="selectProductTest" data-provider="getProductSelectData" finished-at="2022-01-29T21:20:34 GMT" duration-ms="4532" status="PASS">
          <params>
            <param index="0">
              <value>
                <![CDATA[Macbook]]>
              </value>
            </param>
            <param index="1">
              <value>
                <![CDATA[MacBook Air]]>
              </value>
            </param>
          </params>
          <reporter-output>
          </reporter-output>
        </test-method> <!-- selectProductTest -->
        <test-method signature="selectProductTest(java.lang.String,java.lang.String)[pri:6, instance:com.qa.democart.test.AccountPageTest@1835dc92]" started-at="2022-01-29T21:20:34 GMT" name="selectProductTest" data-provider="getProductSelectData" finished-at="2022-01-29T21:20:38 GMT" duration-ms="4610" status="PASS">
          <params>
            <param index="0">
              <value>
                <![CDATA[iMac]]>
              </value>
            </param>
            <param index="1">
              <value>
                <![CDATA[iMac]]>
              </value>
            </param>
          </params>
          <reporter-output>
          </reporter-output>
        </test-method> <!-- selectProductTest -->
        <test-method is-config="true" signature="tearDown()[pri:0, instance:com.qa.democart.test.AccountPageTest@1835dc92]" started-at="2022-01-29T21:20:38 GMT" name="tearDown" finished-at="2022-01-29T21:20:39 GMT" duration-ms="733" status="PASS">
          <reporter-output>
          </reporter-output>
        </test-method> <!-- tearDown -->
      </class> <!-- com.qa.democart.test.AccountPageTest -->
    </test> <!-- Account Page Test -->
  </suite> <!-- Demo Cart Regression Suite -->
</testng-results>
